[   10.282828] [*] FREE cache : kmalloc-32, FFFF8800677B7EA0
[   10.283630] [*] ALLOC cache : vm_area_struct, FFFF88006A337E00
[   10.284486] [*] ALLOC cache : anon_vma_chain, FFFF88006714C300
[   10.285333] [*] ALLOC cache : anon_vma, FFFF88006779B070
[   10.286109] [*] ALLOC cache : names_cache, FFFF880064B45500
[   10.286907] [*] ALLOC cache : filp, FFFF88006AFE23C0
[   10.287632] [*] ALLOC cache : selinux_file_security, FFFF880068E4DEE0
[   10.288575] [*] ALLOC cache : kmalloc-64, FFFF88006BB4CCC0
[   10.289374] [-] r[0] = syz_open_dev(0x20000000, 0, 0);
[   10.290130] [*] FREE cache : kmalloc-64, FFFF88006BB4CCC0
[   10.290913] [*] ALLOC cache : names_cache, FFFF880064B46600
[   10.291723] [*] ALLOC cache : filp, FFFF88006A340DC0
[   10.292446] [*] ALLOC cache : selinux_file_security, FFFF880068E4DF60
[   10.293402] [*] ALLOC cache : avc_node, FFFF880069A090D0
[   10.294205] [*] ALLOC cache : kmalloc-8192, FFFF88006A5A8000
[   10.295033] [*] ALLOC cache : kmalloc-1024, FFFF88006A44FA80
[   10.295852] [*] ALLOC cache : names_cache, FFFF8800694A9100
[   10.296657] [*] ALLOC cache : filp, FFFF88006A340C80
[   10.297377] [*] ALLOC cache : selinux_file_security, FFFF880068E4D360
[   10.298316] [*] ALLOC cache : kmalloc-64, FFFF88006BB4CD80
[   10.299116] [-] syscall(__NR_ioctl, r[0], 0xc0481273, 0x20001f8a);
[   10.299988] [*] FREE cache : kmalloc-64, FFFF88006BB4CD80
[   10.300793] [*] ALLOC cache : kmalloc-128, FFFF88006C16A180
[   10.301672] [*] ALLOC cache : avc_node, FFFF880069A09138
[   10.302451] [*] ALLOC cache : dentry, FFFF8800679D0100
[   10.303216] [*] ALLOC cache : dentry, FFFF8800644D1900
[   10.303952] [*] ALLOC cache : inode_cache, FFFF88006457C000
[   10.304764] [*] ALLOC cache : selinux_inode_security, FFFF88006A0B1850
[   10.305721] [*] ALLOC cache : dentry, FFFF8800644D1800
[   10.306473] [*] ALLOC cache : inode_cache, FFFF88006457C580
[   10.307290] [*] ALLOC cache : selinux_inode_security, FFFF88006A0B1888
[   10.308237] [*] ALLOC cache : dentry, FFFF8800644D1700
[   10.308976] [*] ALLOC cache : inode_cache, FFFF88006457EEC0
[   10.309783] [*] ALLOC cache : selinux_inode_security, FFFF88006A0B1930
[   10.310737] [*] ALLOC cache : kmalloc-512, FFFF88006A638A00
[   10.311556] [*] FREE cache : kmalloc-512, FFFF88006A638A00
[   10.312345] [X] Double Free Cache Name : kmalloc-512, PTR : FFFF88006A638A00
[   10.313351] [*] FREE cache : kmalloc-512, FFFF88006A638A00
[   10.314161] [*] FREE cache : kmalloc-128, FFFF88006C16A180
[   10.314943] [*] ALLOC cache : names_cache, FFFF8800694A8000
[   10.315753] [*] ALLOC cache : filp, FFFF88006A340A00
[   10.316467] [*] ALLOC cache : selinux_file_security, FFFF880068E4D3A0
[   10.317396] [*] ALLOC cache : kmalloc-16, FFFF88006B84EBA0
[   10.318172] [-] close(4);
[   10.318553] [*] FREE cache : kmalloc-16, FFFF88006B84EBA0
[   10.319355] [*] ALLOC cache : names_cache, FFFF8800694AA200
[   10.320154] [*] ALLOC cache : filp, FFFF88006A238A00
[   10.320854] [*] ALLOC cache : selinux_file_security, FFFF880068E4D440
[   10.321780] [*] ALLOC cache : kmalloc-32, FFFF8800677B78A0
